\BOOKMARK [1][-]{section.1}{\376\377\116\300\116\110\146\057\000s\000l\000a\000m}{}% 1
\BOOKMARK [1][-]{section.2}{\376\377\122\032\117\123\166\204\116\011\176\364\217\320\122\250}{}% 2
\BOOKMARK [1][-]{section.3}{\376\377\147\116\177\244\116\016\147\116\116\343\145\160}{}% 3
\BOOKMARK [2][-]{subsection.3.1}{\376\377\147\116\177\244}{section.3}% 4
\BOOKMARK [2][-]{subsection.3.2}{\376\377\147\116\116\343\145\160}{section.3}% 5
\BOOKMARK [2][-]{subsection.3.3}{\376\377\147\116\116\343\145\160\154\102\133\374\116\016\142\160\122\250\152\041\127\213}{section.3}% 6
\BOOKMARK [1][-]{section.4}{\376\377\165\170\123\330\124\214\166\370\147\072\152\041\127\213}{}% 7
\BOOKMARK [1][-]{section.5}{\376\377\147\201\121\340\117\125}{}% 8
\BOOKMARK [2][-]{subsection.5.1}{\376\377\147\054\215\050\167\351\226\065}{section.5}% 9
\BOOKMARK [2][-]{subsection.5.2}{\376\377\127\372\170\100\167\351\226\065}{section.5}% 10
\BOOKMARK [2][-]{subsection.5.3}{\376\377\123\125\136\224\140\047\167\351\226\065}{section.5}% 11
\BOOKMARK [1][-]{section.6}{\376\377\151\202\163\207\217\320\122\250\152\041\127\213}{}% 12
\BOOKMARK [2][-]{subsection.6.1}{\376\377\220\037\136\246\217\320\122\250\152\041\127\213}{section.6}% 13
\BOOKMARK [2][-]{subsection.6.2}{\376\377\221\314\172\013\213\241\217\320\122\250\152\041\127\213}{section.6}% 14
\BOOKMARK [1][-]{section.7}{\376\377\151\202\163\207\211\302\155\113\152\041\127\213}{}% 15
\BOOKMARK [2][-]{subsection.7.1}{\376\377\154\342\147\137\152\041\127\213}{section.7}% 16
\BOOKMARK [2][-]{subsection.7.2}{\376\377\117\074\161\066\127\337\152\041\127\213}{section.7}% 17
\BOOKMARK [2][-]{subsection.7.3}{\376\377\151\202\163\207\126\376\152\041\127\213}{section.7}% 18
\BOOKMARK [2][-]{subsection.7.4}{\376\377\151\202\163\207\126\376\152\041\127\213\127\050\000s\000l\000a\000m\116\055\166\204\136\224\165\050}{section.7}% 19
\BOOKMARK [1][-]{section.8}{\376\377\150\257\136\246\060\001\226\305\123\357\153\324\167\351\226\065\060\001\155\167\150\356\167\351\226\065}{}% 20
\BOOKMARK [2][-]{subsection.8.1}{\376\377\232\330\145\257\000-\162\133\230\177\173\227\154\325}{section.8}% 21
\BOOKMARK [1][-]{section.9}{\376\377\000O\000R\000B\162\171\137\201}{}% 22
\BOOKMARK [1][-]{section.10}{\376\377\116\011\211\322\155\113\221\317}{}% 23
\BOOKMARK [1][-]{section.11}{\376\377\0003\000D\000-\0002\000D\000:\000P\000n\000P}{}% 24
\BOOKMARK [1][-]{section.12}{\376\377\147\000\134\017\123\026\221\315\142\225\137\161\213\357\135\356\154\102\211\343\000P\000n\000P}{}% 25
